<?xml version="1.0" encoding="UTF-8"?>
<!-- Generated by org.testng.reporters.JUnitReportReporter -->
<testsuite hostname="DESKTOP-QNO81J7" failures="0" tests="2" name="MavenPro.MavenJava_2.SeleniumTest" time="0.026" errors="0" timestamp="2024-09-04T18:45:22 CDT" skipped="0">
  <testcase classname="MavenPro.MavenJava_2.SeleniumTest" name="elementsUi" time="0.020"/>
  <testcase classname="MavenPro.MavenJava_2.SeleniumTest" name="BrowserAUtomation" time="0.006"/>
</testsuite> <!-- MavenPro.MavenJava_2.SeleniumTest -->
