<?xml version="1.0" encoding="UTF-8"?>
<!-- Generated by org.testng.reporters.JUnitReportReporter -->
<testsuite hostname="DESKTOP-QNO81J7" failures="0" tests="2" name="MavenPro.MavenJava_2.AppiumTest" time="0.011" errors="0" timestamp="2024-09-04T18:28:51 CDT" skipped="0">
  <testcase classname="MavenPro.MavenJava_2.AppiumTest" name="NativeAPpAndroid" time="0.001"/>
  <testcase classname="MavenPro.MavenJava_2.AppiumTest" name="IOSApps" time="0.010"/>
</testsuite> <!-- MavenPro.MavenJava_2.AppiumTest -->
