<?xml version="1.0" encoding="UTF-8"?>
<!-- Generated by org.testng.reporters.JUnitReportReporter -->
<testsuite hostname="DESKTOP-QNO81J7" failures="0" tests="2" name="MavenPro.MavenJava_2.RESTAPITest" time="0.002" errors="0" timestamp="2024-09-04T18:28:51 CDT" skipped="0">
  <testcase classname="MavenPro.MavenJava_2.RESTAPITest" name="postJira" time="0.001"/>
  <testcase classname="MavenPro.MavenJava_2.RESTAPITest" name="deleteTwitter" time="0.001"/>
</testsuite> <!-- MavenPro.MavenJava_2.RESTAPITest -->
